This is .bashrc
Currently Loaded Modulefiles:
 1) intel/19.1.3   5) cmake/3.18                  9) gsl/2.4(default)    
 2) impi/2019.9    6) hdf5-mpi/1.12.2            10) nag_flib/mk26       
 3) mkl/2020.4     7) netcdf-mpi/4.4.1(default)  11) anaconda/3/2021.11  
 4) git/2.39       8) fftw-mpi/3.3.10            

Key:
(symbolic-version)  
STELLOPT Version  2.75
  Equilibrium calculation provided by: 
  =================================================================================
  =========   Parallel Variational Moments Equilibrium Code (v 9.0)       =========
  =========                (S. Hirshman, J. Whitson)                      =========
  =========         http://vmecwiki.pppl.wikispaces.net/VMEC              =========
  =================================================================================
     
  Neoclassical Transport calculation provided by: 
  =================================================================================
  =========                      NEO (v3.02)                              =========
  =========               (W.Kernbichler and S.Kasilov)                   =========
  =========               kernbichler@itp.tu-graz.ac.at                   =========
  =================================================================================
     
 -----  MPI Params.   -----
    MPI Version:  3.01
    Optimizers requested:            1
    Number of Processors:           40
    Shared memory groups:            1
    Processors per group:           40
 Reset noptimizers=1 for single run.
   Workers per optimizer:           40
     Optimizers provided:            1
 -----  Optimization  -----
    =======VARS=======
     CURTOR:   Total Toroidal Current
    ======TARGETS=====
     Neoclassical Transport
    ==================
    Number of Parameters:            1
    Number of Targets:             200
    !!!! EQUILIBRIUM RESTARTING NOT UTILIZED !!!!
     OPTIMIZER: SINGLE_ITERATION
     NFUNC_MAX:            1
 ---------------------------  EQUILIBRIUM CALCULATION  ------------------------

  NS =   16 NO. FOURIER MODES =  288 FTOLV =  1.000E-16 NITER =    600
  PROCESSOR COUNT - RADIAL:    8
 INITIAL JACOBIAN CHANGED SIGN!
 TRYING TO IMPROVE INITIAL MAGNETIC AXIS GUESS
  ---- Improved AXIS Guess ----
      RAXIS_CC =    11.8467169240699      -0.832378792480037     
 -0.184791924610289      -5.465877267590537E-002  6.824569145444931E-002
  3.585536714108295E-002  1.162146183058626E-002 -9.071511537881142E-003
  8.613411716026911E-004  1.314649878560439E-002  4.006793379139029E-002
  6.500522730687249E-003 -9.471152530234473E-003
      ZAXIS_CS =   0.000000000000000E+000  0.743865192205635     
 -3.669519377407569E-002  0.149870850684984       1.529860515774374E-002
 -2.797986250549530E-002 -1.500513719129824E-002 -2.844229757520161E-003
  2.405203337872152E-002  9.435388705010673E-003  1.079141221967163E-002
 -2.704827455975535E-002  1.207305605611437E-002
  -----------------------------

  ITER    FSQR      FSQZ      FSQL    RAX(v=0)    DELT       WMHD

    1  9.80E-02  6.82E-02  1.53E-01  1.093E+01  5.00E-01  9.0657E+03
  200  1.68E-07  3.00E-08  5.80E-08  1.110E+01  5.00E-01  8.7080E+03
  400  4.92E-09  6.79E-10  1.76E-09  1.107E+01  5.00E-01  8.7080E+03
  600  5.09E-10  6.75E-11  1.25E-10  1.107E+01  5.00E-01  8.7080E+03

  NS =   25 NO. FOURIER MODES =  288 FTOLV =  1.000E-12 NITER =   5000
  PROCESSOR COUNT - RADIAL:   12

  ITER    FSQR      FSQZ      FSQL    RAX(v=0)    DELT       WMHD

    1  2.38E-03  9.00E-04  1.14E-05  1.107E+01  5.00E-01  8.7079E+03
  200  4.03E-09  8.18E-10  1.82E-10  1.106E+01  5.00E-01  8.7078E+03
  400  3.07E-10  8.11E-11  2.78E-11  1.106E+01  5.00E-01  8.7078E+03
  600  8.08E-11  2.21E-11  1.15E-11  1.106E+01  5.00E-01  8.7078E+03
  800  2.53E-11  6.66E-12  4.04E-12  1.106E+01  5.00E-01  8.7078E+03
 1000  7.31E-12  2.13E-12  1.26E-12  1.106E+01  5.00E-01  8.7078E+03
 1200  2.19E-12  7.35E-13  4.64E-13  1.106E+01  5.00E-01  8.7078E+03
 1326  9.99E-13  3.34E-13  2.53E-13  1.106E+01  5.00E-01  8.7078E+03

  NS =   51 NO. FOURIER MODES =  288 FTOLV =  1.000E-13 NITER =   6000
  PROCESSOR COUNT - RADIAL:   25

  ITER    FSQR      FSQZ      FSQL    RAX(v=0)    DELT       WMHD

    1  1.00E-02  4.13E-03  7.61E-06  1.106E+01  5.00E-01  8.7078E+03
  200  8.08E-09  1.95E-09  4.34E-11  1.106E+01  5.00E-01  8.7078E+03
  400  4.47E-10  1.28E-10  7.10E-12  1.106E+01  5.00E-01  8.7078E+03
  600  1.13E-10  3.82E-11  3.06E-12  1.106E+01  5.00E-01  8.7078E+03
  800  4.27E-11  1.35E-11  1.49E-12  1.106E+01  5.00E-01  8.7078E+03
 1000  1.24E-11  4.49E-12  6.32E-13  1.106E+01  5.00E-01  8.7078E+03
 1200  6.06E-12  2.14E-12  3.25E-13  1.106E+01  5.00E-01  8.7078E+03
 1400  2.29E-12  7.87E-13  1.57E-13  1.106E+01  5.00E-01  8.7078E+03
 1600  1.30E-12  4.14E-13  7.55E-14  1.106E+01  5.00E-01  8.7078E+03
 1800  6.67E-13  1.65E-13  3.44E-14  1.106E+01  5.00E-01  8.7078E+03
 2000  4.15E-13  9.16E-14  1.75E-14  1.106E+01  5.00E-01  8.7078E+03
 2200  2.23E-13  4.78E-14  8.86E-15  1.106E+01  5.00E-01  8.7078E+03
 2400  1.21E-13  2.51E-14  4.11E-15  1.106E+01  5.00E-01  8.7078E+03
 2451  9.86E-14  2.07E-14  3.32E-15  1.106E+01  5.00E-01  8.7078E+03

  NS =  101 NO. FOURIER MODES =  288 FTOLV =  1.000E-15 NITER =   7000
  PROCESSOR COUNT - RADIAL:   40

  ITER    FSQR      FSQZ      FSQL    RAX(v=0)    DELT       WMHD

    1  2.33E-02  9.98E-03  1.63E-06  1.106E+01  5.00E-01  8.7078E+03
  200  1.02E-08  2.34E-09  5.78E-12  1.105E+01  5.00E-01  8.7078E+03
  400  8.21E-10  2.45E-10  1.11E-12  1.105E+01  5.00E-01  8.7078E+03
  600  1.32E-10  4.20E-11  3.73E-13  1.105E+01  5.00E-01  8.7078E+03
  800  5.54E-11  1.77E-11  2.01E-13  1.105E+01  5.00E-01  8.7078E+03
 1000  2.49E-11  8.05E-12  9.58E-14  1.105E+01  5.00E-01  8.7078E+03
 1200  6.64E-12  2.10E-12  4.49E-14  1.105E+01  5.00E-01  8.7078E+03
 1400  3.39E-12  1.14E-12  2.62E-14  1.105E+01  5.00E-01  8.7078E+03
 1600  1.97E-12  6.26E-13  1.37E-14  1.105E+01  5.00E-01  8.7078E+03
 1800  7.93E-13  2.34E-13  6.49E-15  1.105E+01  5.00E-01  8.7078E+03
 2000  4.45E-13  1.36E-13  3.88E-15  1.105E+01  5.00E-01  8.7078E+03
 2200  2.59E-13  6.94E-14  1.94E-15  1.105E+01  5.00E-01  8.7078E+03
 2400  1.36E-13  3.89E-14  1.11E-15  1.105E+01  5.00E-01  8.7078E+03
 2600  8.72E-14  2.35E-14  5.73E-16  1.105E+01  5.00E-01  8.7078E+03
 2800  5.11E-14  1.59E-14  3.22E-16  1.105E+01  5.00E-01  8.7078E+03
 3000  2.97E-14  8.81E-15  1.65E-16  1.105E+01  5.00E-01  8.7078E+03
 3200  1.89E-14  6.06E-15  9.69E-17  1.105E+01  5.00E-01  8.7078E+03
 3400  1.05E-14  3.58E-15  5.39E-17  1.105E+01  5.00E-01  8.7078E+03
 3600  7.14E-15  2.16E-15  3.47E-17  1.105E+01  5.00E-01  8.7078E+03
 3800  5.20E-15  1.65E-15  2.70E-17  1.105E+01  5.00E-01  8.7078E+03
 4000  4.01E-15  1.15E-15  2.11E-17  1.105E+01  5.00E-01  8.7078E+03
 4200  3.18E-15  8.89E-16  1.79E-17  1.105E+01  5.00E-01  8.7078E+03
 4400  2.22E-15  6.80E-16  1.33E-17  1.105E+01  5.00E-01  8.7078E+03
 4600  1.92E-15  5.37E-16  9.02E-18  1.105E+01  5.00E-01  8.7078E+03
 4800  1.25E-15  3.90E-16  6.71E-18  1.105E+01  5.00E-01  8.7078E+03
 4919  9.97E-16  3.21E-16  5.35E-18  1.105E+01  5.00E-01  8.7078E+03

  NS =  201 NO. FOURIER MODES =  288 FTOLV =  1.000E-15 NITER =  20000
  PROCESSOR COUNT - RADIAL:   40

  ITER    FSQR      FSQZ      FSQL    RAX(v=0)    DELT       WMHD

    1  2.32E-02  9.98E-03  4.12E-07  1.105E+01  5.00E-01  8.7078E+03
  200  4.82E-09  1.39E-09  1.04E-12  1.105E+01  5.00E-01  8.7078E+03
  400  7.29E-10  2.46E-10  2.15E-13  1.105E+01  5.00E-01  8.7078E+03
  600  1.13E-10  3.80E-11  6.30E-14  1.105E+01  5.00E-01  8.7078E+03
  800  2.92E-11  1.02E-11  3.16E-14  1.105E+01  5.00E-01  8.7078E+03
 1000  1.17E-11  3.60E-12  1.64E-14  1.105E+01  5.00E-01  8.7078E+03
 1200  5.87E-12  2.07E-12  8.69E-15  1.105E+01  5.00E-01  8.7078E+03
 1400  3.22E-12  1.13E-12  4.57E-15  1.105E+01  5.00E-01  8.7078E+03
 1600  1.50E-12  4.27E-13  2.27E-15  1.105E+01  5.00E-01  8.7078E+03
 1800  9.50E-13  2.67E-13  1.37E-15  1.105E+01  5.00E-01  8.7078E+03
 2000  9.40E-13  2.74E-13  1.01E-15  1.105E+01  5.00E-01  8.7078E+03
 2200  4.12E-13  1.22E-13  6.32E-16  1.105E+01  5.00E-01  8.7078E+03
 2400  1.94E-13  5.99E-14  4.66E-16  1.105E+01  5.00E-01  8.7078E+03
 2600  2.38E-13  5.92E-14  3.39E-16  1.105E+01  5.00E-01  8.7078E+03
 2800  1.45E-13  3.52E-14  2.38E-16  1.105E+01  5.00E-01  8.7078E+03
 3000  7.02E-14  2.00E-14  1.74E-16  1.105E+01  5.00E-01  8.7078E+03
 3200  7.34E-14  2.12E-14  1.35E-16  1.105E+01  5.00E-01  8.7078E+03
 3400  5.75E-14  1.33E-14  9.45E-17  1.105E+01  5.00E-01  8.7078E+03
 3600  2.65E-14  6.77E-15  6.84E-17  1.105E+01  5.00E-01  8.7078E+03
 3800  1.66E-14  5.31E-15  4.54E-17  1.105E+01  5.00E-01  8.7078E+03
 4000  1.97E-14  4.93E-15  2.93E-17  1.105E+01  5.00E-01  8.7078E+03
 4200  1.19E-14  3.09E-15  1.84E-17  1.105E+01  5.00E-01  8.7078E+03
 4400  5.30E-15  1.60E-15  1.13E-17  1.105E+01  5.00E-01  8.7078E+03
 4600  6.73E-15  1.80E-15  7.78E-18  1.105E+01  5.00E-01  8.7078E+03
 4800  5.22E-15  1.38E-15  5.93E-18  1.105E+01  5.00E-01  8.7078E+03
 5000  2.22E-15  6.08E-16  4.05E-18  1.105E+01  5.00E-01  8.7078E+03
 5200  2.84E-15  7.33E-16  2.43E-18  1.105E+01  5.00E-01  8.7078E+03
 5400  3.13E-15  7.78E-16  1.75E-18  1.105E+01  5.00E-01  8.7078E+03
 5600  1.48E-15  3.74E-16  1.64E-18  1.105E+01  5.00E-01  8.7078E+03
 5800  1.51E-15  3.98E-16  1.43E-18  1.105E+01  5.00E-01  8.7078E+03
 6000  2.09E-15  5.10E-16  1.44E-18  1.105E+01  5.00E-01  8.7078E+03
 6200  1.25E-15  2.87E-16  1.55E-18  1.105E+01  5.00E-01  8.7078E+03
 6255  9.92E-16  2.47E-16  1.52E-18  1.105E+01  5.00E-01  8.7078E+03

 EXECUTION TERMINATED NORMALLY

 FILE : neo_opt0
 NUMBER OF JACOBIAN RESETS =    0

    TOTAL COMPUTATIONAL TIME (SEC)        36.54
    TIME TO INPUT/OUTPUT                   0.32
       READ IN DATA                        0.00
       WRITE OUT DATA TO WOUT              0.32
    TIME IN FUNCT3D                       35.79
       BCOVAR FIELDS                       3.04
       FOURIER TRANSFORM                   5.24
       INVERSE FOURIER TRANSFORM           7.81
       FORCES AND SYMMETRIZE               1.54
       RESIDUE                            14.05
       EQFORCE                             0.00
 -------------------------  PARAVMEC CALCULATION DONE  -----------------------
     ASPECT RATIO:    6.676
             BETA:    0.000  (total)
                      0.000  (poloidal)
                      0.000  (toroidal)
  TORIDAL CURRENT:   -0.673289549113E-08
     TORIDAL FLUX:   45.396
           VOLUME:  713.516
     MAJOR RADIUS:   11.723
     MINOR RADIUS:    1.756
       AXIS FIELD:    4.914
    STORED ENERGY:    0.000000000000E+00
 ---------------------------  BOOZER TRANSFORMATION  -------------------------
  0 <= mboz <=   71    -48 <= nboz <=   48
  nu_boz =   290 nv_boz =   194

             OUTBOARD (u=0)              JS          INBOARD (u=pi)
-----------------------------------------------------------------------------
  v     |B|vmec    |B|booz    Error             |B|vmec    |B|booz    Error

  0    4.912E+00  4.912E+00  9.403E-15    2    4.917E+00  4.917E+00  1.445E-14
 pi    5.159E+00  5.159E+00  7.920E-15         5.218E+00  5.218E+00  1.736E-14
  0    4.908E+00  4.908E+00  6.334E-15    3    4.917E+00  4.917E+00  2.709E-15
 pi    5.137E+00  5.137E+00  1.902E-15         5.239E+00  5.239E+00  1.034E-14
  0    4.904E+00  4.904E+00  2.898E-15    4    4.916E+00  4.916E+00  0.000E+00
 pi    5.122E+00  5.122E+00  2.081E-15         5.254E+00  5.254E+00  6.761E-15
  0    4.901E+00  4.901E+00  2.537E-15    5    4.915E+00  4.915E+00  5.421E-15
 pi    5.110E+00  5.110E+00  4.171E-15         5.267E+00  5.267E+00  1.282E-14
  0    4.898E+00  4.898E+00  1.487E-14    6    4.914E+00  4.914E+00  4.699E-15
 pi    5.100E+00  5.100E+00  3.135E-15         5.277E+00  5.277E+00  9.762E-15
 ---------------------  NEOCLASSICAL TRANSPORT CALCULATION  ------------------
===========================================
=================  N E O ==================
  MAX_M_MODE = 071;   M_BOOZER = 072
  MAX_N_MODE = 192;   N_BOOZER = 048
  THETA_N = 200;   PHI_N = 200
  NPARTICLES = 075
  ACCURACY   =     0.1000E-01
  NSTEP_MIN = 0500;   NSTEP_MAX = ****
  NSTEP_PER = 150
------------------------------------------------------------------
  SURF  EPS_EFF        REFF       IOTA        B_REF       R_REF
------------------------------------------------------------------
    2   0.4431E-04   0.4557E-02   0.7874E+00   0.5226E+01   0.1175E+02
    3   0.4778E-04   0.9820E-02   0.7876E+00   0.5247E+01   0.1175E+02
    4   0.5084E-04   0.1390E-01   0.7880E+00   0.5262E+01   0.1175E+02
    5   0.5372E-04   0.1735E-01   0.7884E+00   0.5274E+01   0.1175E+02
    6   0.5634E-04   0.2039E-01   0.7890E+00   0.5285E+01   0.1175E+02
    7   0.5906E-04   0.2314E-01   0.7895E+00   0.5294E+01   0.1175E+02
    8   0.6178E-04   0.2567E-01   0.7901E+00   0.5302E+01   0.1175E+02
    9   0.6442E-04   0.2802E-01   0.7908E+00   0.5310E+01   0.1175E+02
   10   0.6706E-04   0.3024E-01   0.7915E+00   0.5318E+01   0.1175E+02
   11   0.6949E-04   0.3233E-01   0.7921E+00   0.5325E+01   0.1175E+02
   12   0.7229E-04   0.3432E-01   0.7928E+00   0.5331E+01   0.1175E+02
   13   0.7533E-04   0.3622E-01   0.7935E+00   0.5338E+01   0.1175E+02
   14   0.7784E-04   0.3805E-01   0.7942E+00   0.5344E+01   0.1175E+02
   15   0.8100E-04   0.3981E-01   0.7950E+00   0.5349E+01   0.1175E+02
   16   0.8366E-04   0.4150E-01   0.7957E+00   0.5355E+01   0.1175E+02
   17   0.8680E-04   0.4314E-01   0.7964E+00   0.5360E+01   0.1175E+02
   18   0.8986E-04   0.4473E-01   0.7971E+00   0.5366E+01   0.1175E+02
   19   0.9294E-04   0.4628E-01   0.7978E+00   0.5371E+01   0.1175E+02
   20   0.9523E-04   0.4778E-01   0.7985E+00   0.5376E+01   0.1175E+02
   21   0.9887E-04   0.4924E-01   0.7992E+00   0.5381E+01   0.1175E+02
   22   0.1027E-03   0.5067E-01   0.7999E+00   0.5385E+01   0.1175E+02
   23   0.1056E-03   0.5206E-01   0.8006E+00   0.5390E+01   0.1175E+02
   24   0.1086E-03   0.5342E-01   0.8013E+00   0.5394E+01   0.1175E+02
   25   0.1129E-03   0.5476E-01   0.8020E+00   0.5399E+01   0.1175E+02
   26   0.1157E-03   0.5606E-01   0.8028E+00   0.5403E+01   0.1175E+02
   27   0.1200E-03   0.5734E-01   0.8035E+00   0.5407E+01   0.1175E+02
   28   0.1232E-03   0.5860E-01   0.8042E+00   0.5411E+01   0.1175E+02
   29   0.1275E-03   0.5983E-01   0.8049E+00   0.5416E+01   0.1175E+02
   30   0.1311E-03   0.6104E-01   0.8056E+00   0.5419E+01   0.1175E+02
   31   0.1349E-03   0.6223E-01   0.8063E+00   0.5423E+01   0.1175E+02
   32   0.1387E-03   0.6340E-01   0.8070E+00   0.5427E+01   0.1175E+02
   33   0.1430E-03   0.6455E-01   0.8077E+00   0.5431E+01   0.1175E+02
   34   0.1467E-03   0.6569E-01   0.8084E+00   0.5435E+01   0.1175E+02
   35   0.1512E-03   0.6681E-01   0.8091E+00   0.5439E+01   0.1175E+02
   36   0.1552E-03   0.6791E-01   0.8098E+00   0.5442E+01   0.1175E+02
   37   0.1593E-03   0.6899E-01   0.8105E+00   0.5446E+01   0.1175E+02
   38   0.1632E-03   0.7006E-01   0.8112E+00   0.5449E+01   0.1175E+02
   39   0.1680E-03   0.7112E-01   0.8119E+00   0.5453E+01   0.1175E+02
   40   0.1720E-03   0.7216E-01   0.8126E+00   0.5456E+01   0.1175E+02
   41   0.1759E-03   0.7319E-01   0.8134E+00   0.5460E+01   0.1175E+02
   42   0.1805E-03   0.7421E-01   0.8141E+00   0.5463E+01   0.1175E+02
   43   0.1852E-03   0.7521E-01   0.8148E+00   0.5466E+01   0.1175E+02
   44   0.1887E-03   0.7621E-01   0.8155E+00   0.5470E+01   0.1175E+02
   45   0.1945E-03   0.7719E-01   0.8162E+00   0.5473E+01   0.1175E+02
   46   0.1991E-03   0.7816E-01   0.8169E+00   0.5476E+01   0.1175E+02
   47   0.2044E-03   0.7912E-01   0.8176E+00   0.5479E+01   0.1175E+02
   48   0.2093E-03   0.8007E-01   0.8183E+00   0.5482E+01   0.1175E+02
   49   0.2140E-03   0.8101E-01   0.8190E+00   0.5485E+01   0.1175E+02
   50   0.2184E-03   0.8194E-01   0.8197E+00   0.5488E+01   0.1175E+02
   51   0.2225E-03   0.8286E-01   0.8204E+00   0.5491E+01   0.1175E+02
   52   0.2282E-03   0.8377E-01   0.8211E+00   0.5494E+01   0.1175E+02
   53   0.2330E-03   0.8467E-01   0.8218E+00   0.5497E+01   0.1175E+02
   54   0.2387E-03   0.8557E-01   0.8225E+00   0.5500E+01   0.1175E+02
   55   0.2440E-03   0.8645E-01   0.8232E+00   0.5503E+01   0.1175E+02
   56   0.2493E-03   0.8733E-01   0.8239E+00   0.5506E+01   0.1175E+02
   57   0.2538E-03   0.8820E-01   0.8246E+00   0.5509E+01   0.1175E+02
   58   0.2585E-03   0.8906E-01   0.8253E+00   0.5512E+01   0.1175E+02
   59   0.2632E-03   0.8992E-01   0.8260E+00   0.5515E+01   0.1175E+02
   60   0.2690E-03   0.9076E-01   0.8267E+00   0.5518E+01   0.1175E+02
   61   0.2741E-03   0.9160E-01   0.8274E+00   0.5520E+01   0.1175E+02
   62   0.2800E-03   0.9244E-01   0.8281E+00   0.5523E+01   0.1175E+02
   63   0.2863E-03   0.9326E-01   0.8288E+00   0.5526E+01   0.1175E+02
   64   0.2917E-03   0.9408E-01   0.8295E+00   0.5529E+01   0.1175E+02
   65   0.2971E-03   0.9490E-01   0.8302E+00   0.5531E+01   0.1175E+02
   66   0.3019E-03   0.9571E-01   0.8309E+00   0.5534E+01   0.1175E+02
   67   0.3073E-03   0.9651E-01   0.8316E+00   0.5537E+01   0.1175E+02
   68   0.3132E-03   0.9730E-01   0.8324E+00   0.5539E+01   0.1175E+02
   69   0.3172E-03   0.9809E-01   0.8331E+00   0.5542E+01   0.1175E+02
   70   0.3247E-03   0.9887E-01   0.8338E+00   0.5544E+01   0.1175E+02
   71   0.3305E-03   0.9965E-01   0.8345E+00   0.5547E+01   0.1175E+02
   72   0.3370E-03   0.1004E+00   0.8352E+00   0.5549E+01   0.1175E+02
   73   0.3425E-03   0.1012E+00   0.8359E+00   0.5552E+01   0.1175E+02
   74   0.3466E-03   0.1020E+00   0.8366E+00   0.5555E+01   0.1175E+02
   75   0.3545E-03   0.1027E+00   0.8373E+00   0.5557E+01   0.1175E+02
   76   0.3594E-03   0.1035E+00   0.8380E+00   0.5559E+01   0.1175E+02
   77   0.3655E-03   0.1042E+00   0.8387E+00   0.5562E+01   0.1175E+02
   78   0.3703E-03   0.1050E+00   0.8394E+00   0.5564E+01   0.1175E+02
   79   0.3767E-03   0.1057E+00   0.8401E+00   0.5567E+01   0.1175E+02
   80   0.3827E-03   0.1064E+00   0.8408E+00   0.5569E+01   0.1175E+02
   81   0.3908E-03   0.1072E+00   0.8415E+00   0.5572E+01   0.1175E+02
   82   0.3971E-03   0.1079E+00   0.8422E+00   0.5574E+01   0.1175E+02
   83   0.4024E-03   0.1086E+00   0.8429E+00   0.5576E+01   0.1175E+02
   84   0.4076E-03   0.1093E+00   0.8436E+00   0.5579E+01   0.1175E+02
   85   0.4149E-03   0.1100E+00   0.8443E+00   0.5581E+01   0.1175E+02
   86   0.4195E-03   0.1107E+00   0.8450E+00   0.5583E+01   0.1175E+02
   87   0.4250E-03   0.1114E+00   0.8457E+00   0.5586E+01   0.1175E+02
   88   0.4330E-03   0.1121E+00   0.8464E+00   0.5588E+01   0.1175E+02
   89   0.4405E-03   0.1128E+00   0.8471E+00   0.5590E+01   0.1175E+02
   90   0.4463E-03   0.1135E+00   0.8478E+00   0.5593E+01   0.1175E+02
   91   0.4531E-03   0.1142E+00   0.8485E+00   0.5595E+01   0.1175E+02
   92   0.4596E-03   0.1149E+00   0.8492E+00   0.5597E+01   0.1175E+02
   93   0.4650E-03   0.1156E+00   0.8499E+00   0.5599E+01   0.1175E+02
   94   0.4720E-03   0.1162E+00   0.8506E+00   0.5602E+01   0.1175E+02
   95   0.4771E-03   0.1169E+00   0.8513E+00   0.5604E+01   0.1175E+02
   96   0.4836E-03   0.1176E+00   0.8520E+00   0.5606E+01   0.1175E+02
   97   0.4921E-03   0.1182E+00   0.8527E+00   0.5608E+01   0.1175E+02
   98   0.4979E-03   0.1189E+00   0.8534E+00   0.5610E+01   0.1175E+02
   99   0.5032E-03   0.1196E+00   0.8541E+00   0.5613E+01   0.1175E+02
  100   0.5096E-03   0.1202E+00   0.8548E+00   0.5615E+01   0.1175E+02
  101   0.5160E-03   0.1209E+00   0.8555E+00   0.5617E+01   0.1175E+02
  102   0.5216E-03   0.1215E+00   0.8562E+00   0.5619E+01   0.1175E+02
  103   0.5301E-03   0.1222E+00   0.8569E+00   0.5621E+01   0.1175E+02
  104   0.5385E-03   0.1228E+00   0.8576E+00   0.5623E+01   0.1175E+02
  105   0.5426E-03   0.1234E+00   0.8583E+00   0.5625E+01   0.1175E+02
  106   0.5498E-03   0.1241E+00   0.8590E+00   0.5627E+01   0.1175E+02
  107   0.5568E-03   0.1247E+00   0.8597E+00   0.5629E+01   0.1175E+02
  108   0.5636E-03   0.1253E+00   0.8604E+00   0.5632E+01   0.1175E+02
  109   0.5684E-03   0.1260E+00   0.8611E+00   0.5634E+01   0.1175E+02
  110   0.5767E-03   0.1266E+00   0.8618E+00   0.5636E+01   0.1175E+02
  111   0.5841E-03   0.1272E+00   0.8625E+00   0.5638E+01   0.1175E+02
  112   0.5918E-03   0.1278E+00   0.8632E+00   0.5640E+01   0.1175E+02
  113   0.5976E-03   0.1285E+00   0.8639E+00   0.5642E+01   0.1175E+02
  114   0.6026E-03   0.1291E+00   0.8646E+00   0.5644E+01   0.1175E+02
  115   0.6091E-03   0.1297E+00   0.8653E+00   0.5646E+01   0.1175E+02
  116   0.6189E-03   0.1303E+00   0.8660E+00   0.5648E+01   0.1175E+02
  117   0.6222E-03   0.1309E+00   0.8667E+00   0.5650E+01   0.1175E+02
  118   0.6331E-03   0.1315E+00   0.8674E+00   0.5652E+01   0.1175E+02
  119   0.6377E-03   0.1321E+00   0.8681E+00   0.5654E+01   0.1175E+02
  120   0.6459E-03   0.1327E+00   0.8688E+00   0.5656E+01   0.1175E+02
  121   0.6525E-03   0.1333E+00   0.8695E+00   0.5658E+01   0.1175E+02
  122   0.6600E-03   0.1339E+00   0.8702E+00   0.5660E+01   0.1175E+02
  123   0.6644E-03   0.1345E+00   0.8709E+00   0.5661E+01   0.1175E+02
  124   0.6718E-03   0.1351E+00   0.8716E+00   0.5663E+01   0.1175E+02
  125   0.6774E-03   0.1357E+00   0.8723E+00   0.5665E+01   0.1175E+02
  126   0.6855E-03   0.1362E+00   0.8730E+00   0.5667E+01   0.1175E+02
  127   0.6941E-03   0.1368E+00   0.8737E+00   0.5669E+01   0.1175E+02
  128   0.7002E-03   0.1374E+00   0.8744E+00   0.5671E+01   0.1175E+02
  129   0.7089E-03   0.1380E+00   0.8751E+00   0.5673E+01   0.1175E+02
  130   0.7143E-03   0.1385E+00   0.8758E+00   0.5675E+01   0.1175E+02
  131   0.7217E-03   0.1391E+00   0.8765E+00   0.5677E+01   0.1175E+02
  132   0.7300E-03   0.1397E+00   0.8772E+00   0.5678E+01   0.1175E+02
  133   0.7323E-03   0.1403E+00   0.8779E+00   0.5680E+01   0.1175E+02
  134   0.7419E-03   0.1408E+00   0.8786E+00   0.5682E+01   0.1175E+02
  135   0.7491E-03   0.1414E+00   0.8793E+00   0.5684E+01   0.1175E+02
  136   0.7520E-03   0.1419E+00   0.8800E+00   0.5686E+01   0.1175E+02
  137   0.7628E-03   0.1425E+00   0.8807E+00   0.5688E+01   0.1175E+02
  138   0.7705E-03   0.1431E+00   0.8814E+00   0.5689E+01   0.1175E+02
  139   0.7752E-03   0.1436E+00   0.8821E+00   0.5691E+01   0.1175E+02
  140   0.7826E-03   0.1442E+00   0.8828E+00   0.5693E+01   0.1175E+02
  141   0.7902E-03   0.1447E+00   0.8835E+00   0.5695E+01   0.1175E+02
  142   0.7993E-03   0.1453E+00   0.8842E+00   0.5697E+01   0.1175E+02
  143   0.8050E-03   0.1458E+00   0.8849E+00   0.5698E+01   0.1175E+02
  144   0.8107E-03   0.1464E+00   0.8856E+00   0.5700E+01   0.1175E+02
  145   0.8180E-03   0.1469E+00   0.8863E+00   0.5702E+01   0.1175E+02
  146   0.8242E-03   0.1475E+00   0.8870E+00   0.5704E+01   0.1175E+02
  147   0.8350E-03   0.1480E+00   0.8878E+00   0.5705E+01   0.1175E+02
  148   0.8396E-03   0.1485E+00   0.8885E+00   0.5707E+01   0.1175E+02
  149   0.8486E-03   0.1491E+00   0.8892E+00   0.5709E+01   0.1175E+02
  150   0.8541E-03   0.1496E+00   0.8899E+00   0.5711E+01   0.1175E+02
  151   0.8629E-03   0.1501E+00   0.8906E+00   0.5712E+01   0.1175E+02
  152   0.8672E-03   0.1507E+00   0.8913E+00   0.5714E+01   0.1175E+02
  153   0.8747E-03   0.1512E+00   0.8920E+00   0.5716E+01   0.1175E+02
  154   0.8840E-03   0.1517E+00   0.8927E+00   0.5718E+01   0.1175E+02
  155   0.8893E-03   0.1523E+00   0.8934E+00   0.5719E+01   0.1175E+02
  156   0.8983E-03   0.1528E+00   0.8941E+00   0.5721E+01   0.1175E+02
  157   0.9057E-03   0.1533E+00   0.8948E+00   0.5723E+01   0.1175E+02
  158   0.9113E-03   0.1538E+00   0.8955E+00   0.5724E+01   0.1175E+02
  159   0.9171E-03   0.1543E+00   0.8963E+00   0.5726E+01   0.1175E+02
  160   0.9260E-03   0.1549E+00   0.8970E+00   0.5728E+01   0.1175E+02
  161   0.9297E-03   0.1554E+00   0.8977E+00   0.5729E+01   0.1175E+02
  162   0.9396E-03   0.1559E+00   0.8984E+00   0.5731E+01   0.1175E+02
  163   0.9446E-03   0.1564E+00   0.8991E+00   0.5733E+01   0.1175E+02
  164   0.9536E-03   0.1569E+00   0.8998E+00   0.5734E+01   0.1175E+02
  165   0.9619E-03   0.1574E+00   0.9005E+00   0.5736E+01   0.1175E+02
  166   0.9676E-03   0.1579E+00   0.9012E+00   0.5738E+01   0.1175E+02
  167   0.9765E-03   0.1585E+00   0.9020E+00   0.5739E+01   0.1175E+02
  168   0.9805E-03   0.1590E+00   0.9027E+00   0.5741E+01   0.1175E+02
  169   0.9882E-03   0.1595E+00   0.9034E+00   0.5742E+01   0.1175E+02
  170   0.9982E-03   0.1600E+00   0.9041E+00   0.5744E+01   0.1175E+02
  171   0.1003E-02   0.1605E+00   0.9048E+00   0.5746E+01   0.1175E+02
  172   0.1007E-02   0.1610E+00   0.9055E+00   0.5747E+01   0.1175E+02
  173   0.1022E-02   0.1615E+00   0.9063E+00   0.5749E+01   0.1175E+02
  174   0.1029E-02   0.1620E+00   0.9070E+00   0.5750E+01   0.1175E+02
  175   0.1037E-02   0.1625E+00   0.9077E+00   0.5752E+01   0.1175E+02
  176   0.1041E-02   0.1629E+00   0.9084E+00   0.5753E+01   0.1175E+02
  177   0.1052E-02   0.1634E+00   0.9091E+00   0.5755E+01   0.1175E+02
  178   0.1057E-02   0.1639E+00   0.9099E+00   0.5757E+01   0.1175E+02
  179   0.1066E-02   0.1644E+00   0.9106E+00   0.5758E+01   0.1175E+02
  180   0.1071E-02   0.1649E+00   0.9113E+00   0.5760E+01   0.1175E+02
  181   0.1077E-02   0.1654E+00   0.9120E+00   0.5761E+01   0.1175E+02
  182   0.1091E-02   0.1659E+00   0.9127E+00   0.5763E+01   0.1175E+02
  183   0.1096E-02   0.1664E+00   0.9135E+00   0.5764E+01   0.1175E+02
  184   0.1104E-02   0.1669E+00   0.9142E+00   0.5766E+01   0.1175E+02
  185   0.1109E-02   0.1673E+00   0.9149E+00   0.5767E+01   0.1175E+02
  186   0.1125E-02   0.1678E+00   0.9157E+00   0.5769E+01   0.1175E+02
  187   0.1127E-02   0.1683E+00   0.9164E+00   0.5770E+01   0.1175E+02
  188   0.1138E-02   0.1688E+00   0.9171E+00   0.5772E+01   0.1175E+02
  189   0.1151E-02   0.1692E+00   0.9178E+00   0.5773E+01   0.1175E+02
  190   0.1159E-02   0.1697E+00   0.9186E+00   0.5775E+01   0.1175E+02
  191   0.1167E-02   0.1702E+00   0.9193E+00   0.5776E+01   0.1175E+02
  192   0.1174E-02   0.1707E+00   0.9200E+00   0.5778E+01   0.1175E+02
  193   0.1183E-02   0.1711E+00   0.9208E+00   0.5779E+01   0.1175E+02
  194   0.1196E-02   0.1716E+00   0.9215E+00   0.5781E+01   0.1175E+02
  195   0.1206E-02   0.1721E+00   0.9223E+00   0.5782E+01   0.1175E+02
  196   0.1215E-02   0.1725E+00   0.9230E+00   0.5784E+01   0.1175E+02
  197   0.1226E-02   0.1730E+00   0.9237E+00   0.5785E+01   0.1175E+02
  198   0.1232E-02   0.1735E+00   0.9245E+00   0.5787E+01   0.1175E+02
  199   0.1245E-02   0.1739E+00   0.9252E+00   0.5788E+01   0.1175E+02
  200   0.1254E-02   0.1744E+00   0.9260E+00   0.5790E+01   0.1175E+02
  201   0.1263E-02   0.1749E+00   0.9267E+00   0.5791E+01   0.1175E+02
------------------------------------------------------------------
 -----------------  NEOCLASSICAL TRANSPORT CALCULATION (DONE) ----------------
----- STELLOPT DONE -----
                                  
================================= 
Global information about the job: 
================================= 
  
Job owner: mlan(29968)
Job name:  stellopt
Node list: co5633
Job start: Sat Apr 15 15:03:08 CEST 2023
Job end:   Sat Apr 15 15:05:24 CEST 2023
Work dir:  /ptmp/mlan/20230415-01-epsilon_eff_for_Mishas_configs/20230415-01-001_configuration_A/./
Command:   /cobra/ptmp/mlan/20230415-01-epsilon_eff_for_Mishas_configs/20230415-01-001_configuration_A/job.stellopt
  
  
  
==========================================================================================
Information on jobsteps (Note: MaxRSS/AveRSS is the maximum/average over all 
tasks of the per-task memory high-water marks; cf. "man sacct"): 
==========================================================================================
  
JobID           JobName NNodes NTasks  NCPUS       MaxRSS       AveRSS    Elapsed ExitCode 
------------ ---------- ------ ------ ------ ------------ ------------ ---------- -------- 
6656774        stellopt      1            80                             00:02:16      0:0 
6656774.0    xstellopt+      1     40     80     1819.09M      326.79M   00:02:09      0:0 
  
Maximum memory per node: 74.51 GB (defined as MaxRSS*Ntasks/NNodes)
CPU utilization: 92.6 %
     
