This is .bashrc
Currently Loaded Modulefiles:
 1) intel/19.1.3   5) cmake/3.18                  9) gsl/2.4(default)    
 2) impi/2019.9    6) hdf5-mpi/1.12.2            10) nag_flib/mk26       
 3) mkl/2020.4     7) netcdf-mpi/4.4.1(default)  11) anaconda/3/2021.11  
 4) git/2.39       8) fftw-mpi/3.3.10            

Key:
(symbolic-version)  
STELLOPT Version  2.75
  Equilibrium calculation provided by: 
  =================================================================================
  =========   Parallel Variational Moments Equilibrium Code (v 9.0)       =========
  =========                (S. Hirshman, J. Whitson)                      =========
  =========         http://vmecwiki.pppl.wikispaces.net/VMEC              =========
  =================================================================================
     
  Neoclassical Transport calculation provided by: 
  =================================================================================
  =========                      NEO (v3.02)                              =========
  =========               (W.Kernbichler and S.Kasilov)                   =========
  =========               kernbichler@itp.tu-graz.ac.at                   =========
  =================================================================================
     
 -----  MPI Params.   -----
    MPI Version:  3.01
    Optimizers requested:            1
    Number of Processors:           40
    Shared memory groups:            1
    Processors per group:           40
 Reset noptimizers=1 for single run.
   Workers per optimizer:           40
     Optimizers provided:            1
 -----  Optimization  -----
    =======VARS=======
     CURTOR:   Total Toroidal Current
    ======TARGETS=====
     Neoclassical Transport
    ==================
    Number of Parameters:            1
    Number of Targets:             200
    !!!! EQUILIBRIUM RESTARTING NOT UTILIZED !!!!
     OPTIMIZER: SINGLE_ITERATION
     NFUNC_MAX:            1
 ---------------------------  EQUILIBRIUM CALCULATION  ------------------------

  NS =   16 NO. FOURIER MODES =  288 FTOLV =  1.000E-16 NITER =    600
  PROCESSOR COUNT - RADIAL:    8
 INITIAL JACOBIAN CHANGED SIGN!
 TRYING TO IMPROVE INITIAL MAGNETIC AXIS GUESS
  ---- Improved AXIS Guess ----
      RAXIS_CC =    11.7399115062773       0.913935739626454     
 -0.138368483427542      -2.148778376108558E-002  2.606380527706746E-002
  1.056993247906392E-002 -2.220542790105546E-002  2.530213624953237E-003
 -1.610140172281371E-002  1.991764591664213E-003  2.222185295437260E-002
 -2.755420760449188E-002 -6.923676407810479E-003
      ZAXIS_CS =   0.000000000000000E+000 -0.889398999010996     
  0.172094429648404      -1.911033301833756E-002 -1.886634842119244E-002
  1.928712151073352E-002  2.379911606832343E-002  1.748630253917598E-002
  7.573063247726336E-003  4.654779903082760E-003  1.725585568885018E-002
  1.506311967710990E-002 -2.151878227159505E-002
  -----------------------------

  ITER    FSQR      FSQZ      FSQL    RAX(v=0)    DELT       WMHD

    1  6.86E-02  5.34E-02  1.44E-01  1.248E+01  5.00E-01  9.0910E+03
  200  2.64E-07  6.55E-08  1.46E-07  1.238E+01  5.00E-01  8.7879E+03
  400  1.95E-08  4.06E-09  1.04E-08  1.239E+01  5.00E-01  8.7878E+03
  600  4.70E-09  6.67E-10  1.13E-09  1.239E+01  5.00E-01  8.7878E+03

  NS =   25 NO. FOURIER MODES =  288 FTOLV =  1.000E-12 NITER =   5000
  PROCESSOR COUNT - RADIAL:   12

  ITER    FSQR      FSQZ      FSQL    RAX(v=0)    DELT       WMHD

    1  3.37E-03  1.12E-03  4.45E-06  1.239E+01  5.00E-01  8.7876E+03
  200  9.88E-09  2.25E-09  7.43E-10  1.239E+01  5.00E-01  8.7875E+03
  400  2.03E-09  3.83E-10  1.41E-10  1.239E+01  5.00E-01  8.7875E+03
  600  7.69E-10  1.03E-10  5.14E-11  1.239E+01  5.00E-01  8.7875E+03
  800  3.38E-10  3.83E-11  2.35E-11  1.239E+01  5.00E-01  8.7875E+03
 1000  1.39E-10  1.73E-11  1.06E-11  1.239E+01  5.00E-01  8.7875E+03
 1200  5.36E-11  8.20E-12  4.28E-12  1.239E+01  5.00E-01  8.7875E+03
 1400  2.25E-11  4.07E-12  2.06E-12  1.239E+01  5.00E-01  8.7875E+03
 1600  8.43E-12  1.62E-12  8.37E-13  1.239E+01  5.00E-01  8.7875E+03
 1800  3.17E-12  5.63E-13  3.29E-13  1.239E+01  5.00E-01  8.7875E+03
 2000  1.04E-12  1.70E-13  1.26E-13  1.239E+01  5.00E-01  8.7875E+03
 2007  9.97E-13  1.59E-13  1.22E-13  1.239E+01  5.00E-01  8.7875E+03

  NS =   51 NO. FOURIER MODES =  288 FTOLV =  1.000E-13 NITER =   6000
  PROCESSOR COUNT - RADIAL:   25

  ITER    FSQR      FSQZ      FSQL    RAX(v=0)    DELT       WMHD

    1  1.73E-02  7.28E-03  2.52E-06  1.239E+01  5.00E-01  8.7875E+03
  200  1.97E-08  5.71E-09  3.70E-11  1.239E+01  5.00E-01  8.7874E+03
  400  8.04E-10  2.35E-10  8.67E-12  1.239E+01  5.00E-01  8.7874E+03
  600  2.52E-10  5.98E-11  2.64E-12  1.239E+01  5.00E-01  8.7874E+03
  800  8.90E-11  2.21E-11  1.01E-12  1.239E+01  5.00E-01  8.7874E+03
 1000  4.26E-11  9.62E-12  6.59E-13  1.239E+01  5.00E-01  8.7874E+03
 1200  2.14E-11  4.56E-12  4.78E-13  1.239E+01  5.00E-01  8.7874E+03
 1400  1.17E-11  2.29E-12  3.29E-13  1.239E+01  5.00E-01  8.7874E+03
 1600  5.23E-12  1.17E-12  1.64E-13  1.239E+01  5.00E-01  8.7874E+03
 1800  2.53E-12  6.14E-13  8.50E-14  1.239E+01  5.00E-01  8.7874E+03
 2000  1.28E-12  3.20E-13  4.50E-14  1.239E+01  5.00E-01  8.7874E+03
 2200  6.12E-13  1.44E-13  2.16E-14  1.239E+01  5.00E-01  8.7874E+03
 2400  2.86E-13  6.90E-14  1.02E-14  1.239E+01  5.00E-01  8.7874E+03
 2600  1.32E-13  3.60E-14  5.45E-15  1.239E+01  5.00E-01  8.7874E+03
 2668  9.93E-14  2.88E-14  4.40E-15  1.239E+01  5.00E-01  8.7874E+03

  NS =  101 NO. FOURIER MODES =  288 FTOLV =  1.000E-15 NITER =   7000
  PROCESSOR COUNT - RADIAL:   40

  ITER    FSQR      FSQZ      FSQL    RAX(v=0)    DELT       WMHD

    1  4.72E-02  2.03E-02  3.62E-07  1.239E+01  5.00E-01  8.7874E+03
  200  3.43E-08  8.12E-09  4.02E-12  1.239E+01  5.00E-01  8.7874E+03
  400  3.41E-09  9.59E-10  1.43E-12  1.239E+01  5.00E-01  8.7874E+03
  600  4.24E-10  1.74E-10  4.84E-13  1.239E+01  5.00E-01  8.7874E+03
  800  1.85E-10  5.27E-11  1.97E-13  1.239E+01  5.00E-01  8.7874E+03
 1000  8.07E-11  3.24E-11  1.68E-13  1.239E+01  5.00E-01  8.7874E+03
 1200  6.43E-11  1.95E-11  1.22E-13  1.239E+01  5.00E-01  8.7874E+03
 1400  2.97E-11  1.06E-11  8.56E-14  1.239E+01  5.00E-01  8.7874E+03
 1600  2.53E-11  7.33E-12  5.11E-14  1.239E+01  5.00E-01  8.7874E+03
 1800  1.15E-11  3.57E-12  2.76E-14  1.239E+01  5.00E-01  8.7874E+03
 2000  7.85E-12  2.31E-12  1.62E-14  1.239E+01  5.00E-01  8.7874E+03
 2200  5.10E-12  1.37E-12  1.13E-14  1.239E+01  5.00E-01  8.7874E+03
 2400  2.81E-12  8.99E-13  8.04E-15  1.239E+01  5.00E-01  8.7874E+03
 2600  1.60E-12  4.73E-13  5.35E-15  1.239E+01  5.00E-01  8.7874E+03
 2800  1.23E-12  3.64E-13  3.39E-15  1.239E+01  5.00E-01  8.7874E+03
 3000  7.86E-13  2.27E-13  1.98E-15  1.239E+01  5.00E-01  8.7874E+03
 3200  3.62E-13  1.04E-13  1.29E-15  1.239E+01  5.00E-01  8.7874E+03
 3400  2.57E-13  6.71E-14  9.07E-16  1.239E+01  5.00E-01  8.7874E+03
 3600  1.36E-13  3.90E-14  5.29E-16  1.239E+01  5.00E-01  8.7874E+03
 3800  1.23E-13  3.06E-14  3.14E-16  1.239E+01  5.00E-01  8.7874E+03
 4000  6.18E-14  1.73E-14  1.87E-16  1.239E+01  5.00E-01  8.7874E+03
 4200  2.91E-14  8.34E-15  1.04E-16  1.239E+01  5.00E-01  8.7874E+03
 4400  1.68E-14  4.39E-15  6.11E-17  1.239E+01  5.00E-01  8.7874E+03
 4600  9.02E-15  2.41E-15  3.86E-17  1.239E+01  5.00E-01  8.7874E+03
 4800  5.89E-15  1.40E-15  2.15E-17  1.239E+01  5.00E-01  8.7874E+03
 5000  2.55E-15  7.53E-16  1.02E-17  1.239E+01  5.00E-01  8.7874E+03
 5200  1.69E-15  4.66E-16  4.85E-18  1.239E+01  5.00E-01  8.7874E+03
 5334  9.96E-16  2.77E-16  2.79E-18  1.239E+01  5.00E-01  8.7874E+03

  NS =  201 NO. FOURIER MODES =  288 FTOLV =  1.000E-15 NITER =  20000
  PROCESSOR COUNT - RADIAL:   40

  ITER    FSQR      FSQZ      FSQL    RAX(v=0)    DELT       WMHD

    1  5.23E-02  2.20E-02  5.82E-08  1.239E+01  5.00E-01  8.7874E+03
  200  1.77E-08  4.64E-09  3.90E-13  1.239E+01  5.00E-01  8.7874E+03
  400  3.43E-09  1.09E-09  1.64E-13  1.239E+01  5.00E-01  8.7874E+03
  600  7.06E-10  1.47E-10  6.44E-14  1.239E+01  5.00E-01  8.7874E+03
  800  1.41E-10  4.34E-11  3.78E-14  1.239E+01  5.00E-01  8.7874E+03
 1000  9.02E-11  2.77E-11  2.73E-14  1.239E+01  5.00E-01  8.7874E+03
 1200  7.02E-11  1.83E-11  2.09E-14  1.239E+01  5.00E-01  8.7874E+03
 1400  3.51E-11  1.04E-11  1.44E-14  1.239E+01  5.00E-01  8.7874E+03
 1600  2.20E-11  6.95E-12  9.49E-15  1.239E+01  5.00E-01  8.7874E+03
 1800  2.35E-11  5.75E-12  5.81E-15  1.239E+01  5.00E-01  8.7874E+03
 2000  1.35E-11  4.13E-12  4.14E-15  1.239E+01  5.00E-01  8.7874E+03
 2200  6.20E-12  2.04E-12  3.27E-15  1.239E+01  5.00E-01  8.7874E+03
 2400  5.80E-12  1.49E-12  2.42E-15  1.239E+01  5.00E-01  8.7874E+03
 2600  4.66E-12  1.33E-12  1.83E-15  1.239E+01  5.00E-01  8.7874E+03
 2800  2.30E-12  7.44E-13  1.48E-15  1.239E+01  5.00E-01  8.7874E+03
 3000  2.28E-12  5.44E-13  9.87E-16  1.239E+01  5.00E-01  8.7874E+03
 3200  1.83E-12  3.94E-13  5.78E-16  1.239E+01  5.00E-01  8.7874E+03
 3400  8.78E-13  2.69E-13  4.87E-16  1.239E+01  5.00E-01  8.7874E+03
 3600  8.37E-13  2.19E-13  3.72E-16  1.239E+01  5.00E-01  8.7874E+03
 3800  7.35E-13  1.74E-13  2.86E-16  1.239E+01  5.00E-01  8.7874E+03
 4000  3.98E-13  1.04E-13  2.23E-16  1.239E+01  5.00E-01  8.7874E+03
 4200  3.60E-13  9.69E-14  1.79E-16  1.239E+01  5.00E-01  8.7874E+03
 4400  3.06E-13  7.55E-14  1.31E-16  1.239E+01  5.00E-01  8.7874E+03
 4600  1.63E-13  4.01E-14  9.20E-17  1.239E+01  5.00E-01  8.7874E+03
 4800  1.44E-13  3.79E-14  6.96E-17  1.239E+01  5.00E-01  8.7874E+03
 5000  1.39E-13  2.98E-14  4.97E-17  1.239E+01  5.00E-01  8.7874E+03
 5200  7.14E-14  1.72E-14  3.48E-17  1.239E+01  5.00E-01  8.7874E+03
 5400  4.53E-14  1.10E-14  2.38E-17  1.239E+01  5.00E-01  8.7874E+03
 5600  5.08E-14  1.02E-14  1.84E-17  1.239E+01  5.00E-01  8.7874E+03
 5800  2.97E-14  6.29E-15  1.32E-17  1.239E+01  5.00E-01  8.7874E+03
 6000  1.46E-14  3.81E-15  1.00E-17  1.239E+01  5.00E-01  8.7874E+03
 6200  1.65E-14  3.24E-15  7.36E-18  1.239E+01  5.00E-01  8.7874E+03
 6400  1.24E-14  2.43E-15  5.12E-18  1.239E+01  5.00E-01  8.7874E+03
 6600  5.45E-15  1.26E-15  3.74E-18  1.239E+01  5.00E-01  8.7874E+03
 6800  3.86E-15  9.20E-16  2.62E-18  1.239E+01  5.00E-01  8.7874E+03
 7000  3.53E-15  6.82E-16  1.81E-18  1.239E+01  5.00E-01  8.7874E+03
 7200  1.80E-15  4.16E-16  1.06E-18  1.239E+01  5.00E-01  8.7874E+03
 7400  1.13E-15  2.74E-16  6.21E-19  1.239E+01  5.00E-01  8.7874E+03
 7600  1.05E-15  2.34E-16  3.76E-19  1.239E+01  5.00E-01  8.7874E+03
 7629  9.99E-16  2.30E-16  3.50E-19  1.239E+01  5.00E-01  8.7874E+03

 EXECUTION TERMINATED NORMALLY

 FILE : neo_opt0
 NUMBER OF JACOBIAN RESETS =    0

    TOTAL COMPUTATIONAL TIME (SEC)        42.94
    TIME TO INPUT/OUTPUT                   0.34
       READ IN DATA                        0.00
       WRITE OUT DATA TO WOUT              0.34
    TIME IN FUNCT3D                       42.14
       BCOVAR FIELDS                       3.57
       FOURIER TRANSFORM                   6.26
       INVERSE FOURIER TRANSFORM           9.34
       FORCES AND SYMMETRIZE               1.83
       RESIDUE                            16.40
       EQFORCE                             0.00
 -------------------------  PARAVMEC CALCULATION DONE  -----------------------
     ASPECT RATIO:    6.611
             BETA:    0.000  (total)
                      0.000  (poloidal)
                      0.000  (toroidal)
  TORIDAL CURRENT:    0.231802424477E-08
     TORIDAL FLUX:   45.396
           VOLUME:  717.215
     MAJOR RADIUS:   11.666
     MINOR RADIUS:    1.765
       AXIS FIELD:    5.184
    STORED ENERGY:    0.000000000000E+00
 ---------------------------  BOOZER TRANSFORMATION  -------------------------
  0 <= mboz <=   71    -48 <= nboz <=   48
  nu_boz =   290 nv_boz =   194

             OUTBOARD (u=0)              JS          INBOARD (u=pi)
-----------------------------------------------------------------------------
  v     |B|vmec    |B|booz    Error             |B|vmec    |B|booz    Error

  0    5.194E+00  5.194E+00  5.301E-15    2    5.140E+00  5.140E+00  2.938E-15
 pi    5.017E+00  5.017E+00  9.028E-15         5.013E+00  5.013E+00  1.222E-14
  0    5.214E+00  5.214E+00  3.407E-16    3    5.120E+00  5.120E+00  1.526E-14
 pi    5.016E+00  5.016E+00  3.542E-16         5.009E+00  5.009E+00  1.773E-14
  0    5.228E+00  5.228E+00  1.240E-14    4    5.107E+00  5.107E+00  1.791E-14
 pi    5.014E+00  5.014E+00  1.594E-15         5.005E+00  5.005E+00  9.760E-15
  0    5.239E+00  5.239E+00  4.069E-15    5    5.096E+00  5.096E+00  4.532E-15
 pi    5.012E+00  5.012E+00  1.808E-14         5.001E+00  5.001E+00  3.552E-14
  0    5.248E+00  5.248E+00  9.138E-15    6    5.086E+00  5.086E+00  4.191E-15
 pi    5.010E+00  5.010E+00  1.064E-15         4.998E+00  4.998E+00  1.493E-14
 ---------------------  NEOCLASSICAL TRANSPORT CALCULATION  ------------------
===========================================
=================  N E O ==================
  MAX_M_MODE = 071;   M_BOOZER = 072
  MAX_N_MODE = 192;   N_BOOZER = 048
  THETA_N = 200;   PHI_N = 200
  NPARTICLES = 075
  ACCURACY   =     0.1000E-01
  NSTEP_MIN = 0500;   NSTEP_MAX = ****
  NSTEP_PER = 150
------------------------------------------------------------------
  SURF  EPS_EFF        REFF       IOTA        B_REF       R_REF
------------------------------------------------------------------
    2   0.6442E-05   0.4382E-02   0.9275E+00   0.5194E+01   0.1175E+02
    3   0.1301E-04   0.9442E-02   0.9280E+00   0.5214E+01   0.1175E+02
    4   0.1879E-04   0.1336E-01   0.9287E+00   0.5228E+01   0.1175E+02
    5   0.2429E-04   0.1667E-01   0.9295E+00   0.5239E+01   0.1175E+02
    6   0.2953E-04   0.1960E-01   0.9302E+00   0.5248E+01   0.1175E+02
    7   0.3454E-04   0.2224E-01   0.9310E+00   0.5257E+01   0.1175E+02
    8   0.3945E-04   0.2467E-01   0.9319E+00   0.5265E+01   0.1175E+02
    9   0.4445E-04   0.2693E-01   0.9327E+00   0.5272E+01   0.1175E+02
   10   0.4931E-04   0.2906E-01   0.9335E+00   0.5279E+01   0.1175E+02
   11   0.5431E-04   0.3107E-01   0.9344E+00   0.5286E+01   0.1175E+02
   12   0.5946E-04   0.3298E-01   0.9352E+00   0.5292E+01   0.1175E+02
   13   0.6467E-04   0.3481E-01   0.9360E+00   0.5298E+01   0.1175E+02
   14   0.6984E-04   0.3657E-01   0.9369E+00   0.5303E+01   0.1175E+02
   15   0.7494E-04   0.3825E-01   0.9377E+00   0.5309E+01   0.1175E+02
   16   0.8042E-04   0.3988E-01   0.9386E+00   0.5314E+01   0.1175E+02
   17   0.8565E-04   0.4146E-01   0.9395E+00   0.5319E+01   0.1175E+02
   18   0.9040E-04   0.4298E-01   0.9403E+00   0.5324E+01   0.1175E+02
   19   0.9560E-04   0.4447E-01   0.9412E+00   0.5329E+01   0.1175E+02
   20   0.1010E-03   0.4591E-01   0.9420E+00   0.5333E+01   0.1175E+02
   21   0.1060E-03   0.4731E-01   0.9429E+00   0.5338E+01   0.1175E+02
   22   0.1111E-03   0.4868E-01   0.9438E+00   0.5342E+01   0.1175E+02
   23   0.1165E-03   0.5002E-01   0.9446E+00   0.5346E+01   0.1175E+02
   24   0.1213E-03   0.5133E-01   0.9455E+00   0.5351E+01   0.1175E+02
   25   0.1260E-03   0.5260E-01   0.9464E+00   0.5355E+01   0.1175E+02
   26   0.1311E-03   0.5386E-01   0.9473E+00   0.5359E+01   0.1175E+02
   27   0.1363E-03   0.5509E-01   0.9481E+00   0.5362E+01   0.1175E+02
   28   0.1409E-03   0.5629E-01   0.9490E+00   0.5366E+01   0.1175E+02
   29   0.1463E-03   0.5747E-01   0.9499E+00   0.5370E+01   0.1175E+02
   30   0.1504E-03   0.5864E-01   0.9508E+00   0.5374E+01   0.1175E+02
   31   0.1551E-03   0.5978E-01   0.9517E+00   0.5377E+01   0.1175E+02
   32   0.1603E-03   0.6090E-01   0.9525E+00   0.5381E+01   0.1175E+02
   33   0.1651E-03   0.6201E-01   0.9534E+00   0.5384E+01   0.1175E+02
   34   0.1699E-03   0.6309E-01   0.9543E+00   0.5388E+01   0.1175E+02
   35   0.1744E-03   0.6417E-01   0.9552E+00   0.5391E+01   0.1175E+02
   36   0.1789E-03   0.6522E-01   0.9561E+00   0.5395E+01   0.1175E+02
   37   0.1834E-03   0.6626E-01   0.9570E+00   0.5398E+01   0.1175E+02
   38   0.1884E-03   0.6729E-01   0.9579E+00   0.5401E+01   0.1175E+02
   39   0.1930E-03   0.6830E-01   0.9588E+00   0.5404E+01   0.1175E+02
   40   0.1974E-03   0.6930E-01   0.9597E+00   0.5407E+01   0.1175E+02
   41   0.2013E-03   0.7029E-01   0.9606E+00   0.5411E+01   0.1175E+02
   42   0.2062E-03   0.7126E-01   0.9615E+00   0.5414E+01   0.1175E+02
   43   0.2104E-03   0.7223E-01   0.9624E+00   0.5417E+01   0.1175E+02
   44   0.2150E-03   0.7318E-01   0.9633E+00   0.5420E+01   0.1175E+02
   45   0.2193E-03   0.7412E-01   0.9642E+00   0.5423E+01   0.1175E+02
   46   0.2234E-03   0.7505E-01   0.9651E+00   0.5426E+01   0.1175E+02
   47   0.2278E-03   0.7597E-01   0.9660E+00   0.5428E+01   0.1175E+02
   48   0.2321E-03   0.7688E-01   0.9669E+00   0.5431E+01   0.1175E+02
   49   0.2360E-03   0.7778E-01   0.9678E+00   0.5434E+01   0.1175E+02
   50   0.2399E-03   0.7867E-01   0.9687E+00   0.5437E+01   0.1175E+02
   51   0.2440E-03   0.7955E-01   0.9696E+00   0.5440E+01   0.1175E+02
   52   0.2479E-03   0.8043E-01   0.9705E+00   0.5442E+01   0.1175E+02
   53   0.2522E-03   0.8129E-01   0.9715E+00   0.5445E+01   0.1175E+02
   54   0.2562E-03   0.8215E-01   0.9724E+00   0.5448E+01   0.1175E+02
   55   0.2598E-03   0.8299E-01   0.9733E+00   0.5451E+01   0.1175E+02
   56   0.2642E-03   0.8384E-01   0.9742E+00   0.5453E+01   0.1175E+02
   57   0.2680E-03   0.8467E-01   0.9752E+00   0.5456E+01   0.1175E+02
   58   0.2717E-03   0.8549E-01   0.9761E+00   0.5458E+01   0.1175E+02
   59   0.2753E-03   0.8631E-01   0.9770E+00   0.5461E+01   0.1175E+02
   60   0.2791E-03   0.8712E-01   0.9780E+00   0.5464E+01   0.1175E+02
   61   0.2828E-03   0.8793E-01   0.9789E+00   0.5466E+01   0.1175E+02
   62   0.2864E-03   0.8873E-01   0.9798E+00   0.5469E+01   0.1175E+02
   63   0.2901E-03   0.8952E-01   0.9808E+00   0.5471E+01   0.1175E+02
   64   0.2934E-03   0.9030E-01   0.9817E+00   0.5474E+01   0.1175E+02
   65   0.2969E-03   0.9108E-01   0.9827E+00   0.5476E+01   0.1175E+02
   66   0.3006E-03   0.9185E-01   0.9836E+00   0.5478E+01   0.1175E+02
   67   0.3033E-03   0.9262E-01   0.9846E+00   0.5481E+01   0.1175E+02
   68   0.3074E-03   0.9338E-01   0.9855E+00   0.5483E+01   0.1175E+02
   69   0.3108E-03   0.9414E-01   0.9865E+00   0.5486E+01   0.1175E+02
   70   0.3140E-03   0.9489E-01   0.9874E+00   0.5488E+01   0.1175E+02
   71   0.3169E-03   0.9563E-01   0.9884E+00   0.5490E+01   0.1175E+02
   72   0.3206E-03   0.9637E-01   0.9893E+00   0.5493E+01   0.1175E+02
   73   0.3235E-03   0.9710E-01   0.9903E+00   0.5495E+01   0.1175E+02
   74   0.3266E-03   0.9783E-01   0.9912E+00   0.5497E+01   0.1175E+02
   75   0.3291E-03   0.9856E-01   0.9922E+00   0.5499E+01   0.1175E+02
   76   0.3323E-03   0.9928E-01   0.9932E+00   0.5502E+01   0.1175E+02
   77   0.3358E-03   0.9999E-01   0.9941E+00   0.5504E+01   0.1175E+02
   78   0.3386E-03   0.1007E+00   0.9951E+00   0.5506E+01   0.1175E+02
   79   0.3413E-03   0.1014E+00   0.9961E+00   0.5508E+01   0.1175E+02
   80   0.3448E-03   0.1021E+00   0.9971E+00   0.5511E+01   0.1175E+02
   81   0.3468E-03   0.1028E+00   0.9981E+00   0.5513E+01   0.1175E+02
   82   0.3501E-03   0.1035E+00   0.9990E+00   0.5515E+01   0.1175E+02
   83   0.3519E-03   0.1042E+00   0.1000E+01   0.5517E+01   0.1175E+02
   84   0.3556E-03   0.1049E+00   0.1001E+01   0.5519E+01   0.1175E+02
   85   0.3593E-03   0.1055E+00   0.1002E+01   0.5521E+01   0.1175E+02
   86   0.3612E-03   0.1062E+00   0.1003E+01   0.5523E+01   0.1175E+02
   87   0.3639E-03   0.1069E+00   0.1004E+01   0.5525E+01   0.1175E+02
   88   0.3663E-03   0.1076E+00   0.1005E+01   0.5527E+01   0.1175E+02
   89   0.3691E-03   0.1082E+00   0.1006E+01   0.5530E+01   0.1175E+02
   90   0.3716E-03   0.1089E+00   0.1007E+01   0.5532E+01   0.1175E+02
   91   0.3727E-03   0.1095E+00   0.1008E+01   0.5534E+01   0.1175E+02
   92   0.3763E-03   0.1102E+00   0.1009E+01   0.5536E+01   0.1175E+02
   93   0.3783E-03   0.1108E+00   0.1010E+01   0.5538E+01   0.1175E+02
   94   0.3809E-03   0.1115E+00   0.1011E+01   0.5540E+01   0.1175E+02
   95   0.3841E-03   0.1121E+00   0.1012E+01   0.5542E+01   0.1175E+02
   96   0.3856E-03   0.1128E+00   0.1013E+01   0.5544E+01   0.1175E+02
   97   0.3886E-03   0.1134E+00   0.1014E+01   0.5546E+01   0.1175E+02
   98   0.3905E-03   0.1140E+00   0.1015E+01   0.5548E+01   0.1175E+02
   99   0.3927E-03   0.1147E+00   0.1016E+01   0.5550E+01   0.1175E+02
  100   0.3948E-03   0.1153E+00   0.1017E+01   0.5551E+01   0.1175E+02
  101   0.3974E-03   0.1159E+00   0.1018E+01   0.5553E+01   0.1175E+02
  102   0.3986E-03   0.1165E+00   0.1019E+01   0.5555E+01   0.1175E+02
  103   0.4011E-03   0.1171E+00   0.1020E+01   0.5557E+01   0.1175E+02
  104   0.4038E-03   0.1178E+00   0.1021E+01   0.5559E+01   0.1175E+02
  105   0.4052E-03   0.1184E+00   0.1022E+01   0.5561E+01   0.1175E+02
  106   0.4077E-03   0.1190E+00   0.1023E+01   0.5563E+01   0.1175E+02
  107   0.4099E-03   0.1196E+00   0.1024E+01   0.5565E+01   0.1175E+02
  108   0.4117E-03   0.1202E+00   0.1025E+01   0.5567E+01   0.1175E+02
  109   0.4132E-03   0.1208E+00   0.1026E+01   0.5568E+01   0.1175E+02
  110   0.4164E-03   0.1214E+00   0.1027E+01   0.5570E+01   0.1175E+02
  111   0.4191E-03   0.1220E+00   0.1029E+01   0.5572E+01   0.1175E+02
  112   0.4208E-03   0.1226E+00   0.1030E+01   0.5574E+01   0.1175E+02
  113   0.4226E-03   0.1231E+00   0.1031E+01   0.5576E+01   0.1175E+02
  114   0.4241E-03   0.1237E+00   0.1032E+01   0.5578E+01   0.1175E+02
  115   0.4265E-03   0.1243E+00   0.1033E+01   0.5579E+01   0.1175E+02
  116   0.4285E-03   0.1249E+00   0.1034E+01   0.5581E+01   0.1175E+02
  117   0.4305E-03   0.1255E+00   0.1035E+01   0.5583E+01   0.1175E+02
  118   0.4324E-03   0.1260E+00   0.1036E+01   0.5585E+01   0.1175E+02
  119   0.4346E-03   0.1266E+00   0.1037E+01   0.5586E+01   0.1175E+02
  120   0.4362E-03   0.1272E+00   0.1038E+01   0.5588E+01   0.1175E+02
  121   0.4383E-03   0.1278E+00   0.1039E+01   0.5590E+01   0.1175E+02
  122   0.4403E-03   0.1283E+00   0.1040E+01   0.5592E+01   0.1175E+02
  123   0.4416E-03   0.1289E+00   0.1041E+01   0.5593E+01   0.1175E+02
  124   0.4439E-03   0.1294E+00   0.1042E+01   0.5595E+01   0.1175E+02
  125   0.4467E-03   0.1300E+00   0.1044E+01   0.5597E+01   0.1175E+02
  126   0.4482E-03   0.1306E+00   0.1045E+01   0.5599E+01   0.1175E+02
  127   0.4495E-03   0.1311E+00   0.1046E+01   0.5600E+01   0.1175E+02
  128   0.4515E-03   0.1317E+00   0.1047E+01   0.5602E+01   0.1175E+02
  129   0.4559E-03   0.1322E+00   0.1048E+01   0.5604E+01   0.1175E+02
  130   0.4576E-03   0.1328E+00   0.1049E+01   0.5606E+01   0.1175E+02
  131   0.4599E-03   0.1333E+00   0.1050E+01   0.5608E+01   0.1175E+02
  132   0.4629E-03   0.1338E+00   0.1051E+01   0.5610E+01   0.1175E+02
  133   0.4647E-03   0.1344E+00   0.1052E+01   0.5612E+01   0.1175E+02
  134   0.4669E-03   0.1349E+00   0.1054E+01   0.5613E+01   0.1175E+02
  135   0.4692E-03   0.1355E+00   0.1055E+01   0.5615E+01   0.1175E+02
  136   0.4713E-03   0.1360E+00   0.1056E+01   0.5617E+01   0.1175E+02
  137   0.4728E-03   0.1365E+00   0.1057E+01   0.5619E+01   0.1175E+02
  138   0.4751E-03   0.1371E+00   0.1058E+01   0.5621E+01   0.1175E+02
  139   0.4777E-03   0.1376E+00   0.1059E+01   0.5623E+01   0.1175E+02
  140   0.4801E-03   0.1381E+00   0.1060E+01   0.5625E+01   0.1175E+02
  141   0.4827E-03   0.1386E+00   0.1061E+01   0.5626E+01   0.1175E+02
  142   0.4851E-03   0.1392E+00   0.1063E+01   0.5628E+01   0.1175E+02
  143   0.4870E-03   0.1397E+00   0.1064E+01   0.5630E+01   0.1175E+02
  144   0.4893E-03   0.1402E+00   0.1065E+01   0.5632E+01   0.1175E+02
  145   0.4920E-03   0.1407E+00   0.1066E+01   0.5634E+01   0.1175E+02
  146   0.4948E-03   0.1412E+00   0.1067E+01   0.5635E+01   0.1175E+02
  147   0.4975E-03   0.1418E+00   0.1068E+01   0.5637E+01   0.1175E+02
  148   0.5000E-03   0.1423E+00   0.1070E+01   0.5639E+01   0.1175E+02
  149   0.5028E-03   0.1428E+00   0.1071E+01   0.5641E+01   0.1175E+02
  150   0.5057E-03   0.1433E+00   0.1072E+01   0.5642E+01   0.1175E+02
  151   0.5063E-03   0.1438E+00   0.1073E+01   0.5644E+01   0.1175E+02
  152   0.5120E-03   0.1443E+00   0.1074E+01   0.5646E+01   0.1175E+02
  153   0.5157E-03   0.1448E+00   0.1075E+01   0.5648E+01   0.1175E+02
  154   0.5177E-03   0.1453E+00   0.1077E+01   0.5650E+01   0.1175E+02
  155   0.5223E-03   0.1458E+00   0.1078E+01   0.5651E+01   0.1175E+02
  156   0.5257E-03   0.1463E+00   0.1079E+01   0.5653E+01   0.1175E+02
  157   0.5273E-03   0.1468E+00   0.1080E+01   0.5655E+01   0.1175E+02
  158   0.5306E-03   0.1473E+00   0.1081E+01   0.5656E+01   0.1175E+02
  159   0.5341E-03   0.1478E+00   0.1083E+01   0.5658E+01   0.1175E+02
  160   0.5377E-03   0.1483E+00   0.1084E+01   0.5660E+01   0.1175E+02
  161   0.5405E-03   0.1488E+00   0.1085E+01   0.5662E+01   0.1175E+02
  162   0.5442E-03   0.1493E+00   0.1086E+01   0.5663E+01   0.1175E+02
  163   0.5487E-03   0.1497E+00   0.1087E+01   0.5665E+01   0.1175E+02
  164   0.5503E-03   0.1502E+00   0.1089E+01   0.5667E+01   0.1175E+02
  165   0.5537E-03   0.1507E+00   0.1090E+01   0.5668E+01   0.1175E+02
  166   0.5585E-03   0.1512E+00   0.1091E+01   0.5670E+01   0.1175E+02
  167   0.5633E-03   0.1517E+00   0.1092E+01   0.5672E+01   0.1175E+02
  168   0.5657E-03   0.1522E+00   0.1094E+01   0.5673E+01   0.1175E+02
  169   0.5676E-03   0.1526E+00   0.1095E+01   0.5675E+01   0.1175E+02
  170   0.5738E-03   0.1531E+00   0.1096E+01   0.5677E+01   0.1175E+02
  171   0.5779E-03   0.1536E+00   0.1097E+01   0.5678E+01   0.1175E+02
  172   0.5818E-03   0.1541E+00   0.1099E+01   0.5680E+01   0.1175E+02
  173   0.5871E-03   0.1545E+00   0.1100E+01   0.5681E+01   0.1175E+02
  174   0.5905E-03   0.1550E+00   0.1101E+01   0.5683E+01   0.1175E+02
  175   0.5952E-03   0.1555E+00   0.1102E+01   0.5685E+01   0.1175E+02
  176   0.6002E-03   0.1559E+00   0.1104E+01   0.5686E+01   0.1175E+02
  177   0.6049E-03   0.1564E+00   0.1105E+01   0.5688E+01   0.1175E+02
  178   0.6100E-03   0.1569E+00   0.1106E+01   0.5690E+01   0.1175E+02
  179   0.6144E-03   0.1573E+00   0.1108E+01   0.5691E+01   0.1175E+02
  180   0.6205E-03   0.1578E+00   0.1109E+01   0.5693E+01   0.1175E+02
  181   0.6255E-03   0.1583E+00   0.1110E+01   0.5694E+01   0.1175E+02
  182   0.6296E-03   0.1587E+00   0.1112E+01   0.5696E+01   0.1175E+02
  183   0.6364E-03   0.1592E+00   0.1113E+01   0.5697E+01   0.1175E+02
  184   0.6407E-03   0.1596E+00   0.1114E+01   0.5699E+01   0.1175E+02
  185   0.6459E-03   0.1601E+00   0.1116E+01   0.5701E+01   0.1175E+02
  186   0.6533E-03   0.1605E+00   0.1117E+01   0.5702E+01   0.1175E+02
  187   0.6581E-03   0.1610E+00   0.1118E+01   0.5704E+01   0.1175E+02
  188   0.6638E-03   0.1615E+00   0.1120E+01   0.5705E+01   0.1175E+02
  189   0.6719E-03   0.1619E+00   0.1121E+01   0.5707E+01   0.1175E+02
  190   0.6757E-03   0.1624E+00   0.1122E+01   0.5708E+01   0.1175E+02
  191   0.6823E-03   0.1628E+00   0.1124E+01   0.5710E+01   0.1175E+02
  192   0.6883E-03   0.1632E+00   0.1125E+01   0.5711E+01   0.1175E+02
  193   0.6940E-03   0.1637E+00   0.1126E+01   0.5713E+01   0.1175E+02
  194   0.6984E-03   0.1641E+00   0.1128E+01   0.5714E+01   0.1175E+02
  195   0.7056E-03   0.1646E+00   0.1129E+01   0.5716E+01   0.1175E+02
  196   0.7102E-03   0.1650E+00   0.1131E+01   0.5717E+01   0.1175E+02
  197   0.7171E-03   0.1655E+00   0.1132E+01   0.5719E+01   0.1175E+02
  198   0.7229E-03   0.1659E+00   0.1133E+01   0.5720E+01   0.1175E+02
  199   0.7290E-03   0.1663E+00   0.1135E+01   0.5721E+01   0.1175E+02
  200   0.7343E-03   0.1668E+00   0.1136E+01   0.5723E+01   0.1175E+02
  201   0.7414E-03   0.1672E+00   0.1138E+01   0.5724E+01   0.1175E+02
------------------------------------------------------------------
 -----------------  NEOCLASSICAL TRANSPORT CALCULATION (DONE) ----------------
----- STELLOPT DONE -----
                                  
================================= 
Global information about the job: 
================================= 
  
Job owner: mlan(29968)
Job name:  stellopt
Node list: co5633
Job start: Sat Apr 15 15:13:44 CEST 2023
Job end:   Sat Apr 15 15:16:02 CEST 2023
Work dir:  /ptmp/mlan/20230415-01-epsilon_eff_for_Mishas_configs/20230415-01-002_configuration_B/./
Command:   /cobra/ptmp/mlan/20230415-01-epsilon_eff_for_Mishas_configs/20230415-01-002_configuration_B/job.stellopt
  
  
  
==========================================================================================
Information on jobsteps (Note: MaxRSS/AveRSS is the maximum/average over all 
tasks of the per-task memory high-water marks; cf. "man sacct"): 
==========================================================================================
  
JobID           JobName NNodes NTasks  NCPUS       MaxRSS       AveRSS    Elapsed ExitCode 
------------ ---------- ------ ------ ------ ------------ ------------ ---------- -------- 
6656792        stellopt      1            80                             00:02:18      0:0 
6656792.0    xstellopt+      1     40     80     1828.31M      343.74M   00:02:13      0:0 
  
Maximum memory per node: 74.8876 GB (defined as MaxRSS*Ntasks/NNodes)
CPU utilization: 94.9 %
     
